{
  "RSpec": {
    "coverage": {
      "/Users/frizz/turing/1module/projects/black_thursday/spec/sales_analyst_spec.rb": {
        "lines": [
          1,
          1,
          1,
          1,
          1,
          1,
          1,
          1,
          null,
          1,
          1,
          1,
          1,
          null,
          1,
          1,
          null,
          null,
          1,
          null,
          null,
          null,
          null,
          null,
          null,
          null,
          null,
          null,
          null,
          null,
          1,
          null,
          null,
          1,
          1,
          null,
          null,
          null,
          1,
          1,
          1,
          1,
          1,
          null,
          1,
          null,
          null,
          null,
          1,
          1,
          1,
          1,
          1,
          null,
          1,
          null,
          null,
          null,
          1,
          1,
          1,
          1,
          1,
          1,
          1,
          null,
          1,
          null,
          null,
          null,
          1,
          1,
          1,
          1,
          1,
          null,
          1,
          2,
          null,
          null,
          null,
          null,
          1,
          1,
          1,
          1,
          1,
          1,
          null,
          1,
          null,
          null,
          null,
          1,
          1,
          1,
          5,
          1,
          null,
          1,
          1,
          null,
          1,
          null,
          null,
          null,
          1,
          1,
          1,
          null,
          1,
          null,
          1,
          null,
          null,
          null,
          1,
          1,
          1,
          null,
          1,
          null,
          null,
          null,
          1,
          1,
          1,
          null,
          1,
          null,
          null,
          null,
          1,
          1,
          1,
          null,
          1,
          1,
          null,
          null,
          1,
          null,
          null,
          null,
          null,
          null,
          null,
          null,
          null,
          null,
          null,
          null,
          1,
          null,
          1,
          1,
          null,
          null,
          null,
          1,
          1,
          1,
          2,
          1,
          1,
          null,
          1,
          null,
          null,
          null,
          1,
          1,
          1,
          1,
          1,
          null,
          1,
          1,
          null,
          null,
          null,
          null,
          1,
          1,
          1,
          1,
          1,
          null,
          1,
          0,
          null,
          null,
          null,
          null,
          1,
          1,
          1,
          1,
          1,
          1,
          null,
          1,
          null,
          null,
          1,
          1,
          1,
          1,
          1,
          null,
          1,
          null,
          null,
          null,
          1,
          1,
          1,
          null,
          1,
          1,
          null,
          null,
          null,
          1,
          1,
          1,
          2,
          1,
          2,
          null,
          1,
          null,
          null,
          null,
          1,
          1,
          1,
          2,
          1,
          2,
          1,
          1,
          8,
          null,
          1,
          null,
          1,
          null,
          null,
          null,
          1,
          1,
          1,
          1,
          1,
          1,
          370,
          10,
          null,
          1,
          null,
          1,
          null,
          null,
          null,
          1,
          1,
          1,
          1,
          1,
          null,
          1,
          null,
          null,
          null,
          1,
          null,
          1,
          null,
          null,
          null,
          1,
          1,
          1,
          1,
          1,
          1,
          370,
          10,
          null,
          null,
          null,
          1,
          null,
          1,
          null,
          null,
          null,
          null,
          null,
          null,
          null,
          null,
          null,
          null,
          1,
          null,
          1,
          null,
          null,
          null,
          1,
          1,
          1,
          1,
          1,
          null,
          1,
          null,
          null,
          1,
          1,
          1,
          1,
          null,
          null,
          1,
          null,
          null,
          1,
          1,
          1,
          null,
          1,
          null,
          null,
          null,
          1,
          1,
          1,
          1,
          1,
          null,
          1,
          null,
          null,
          null
        ]
      },
      "/Users/frizz/turing/1module/projects/black_thursday/data/item_mocks.rb": {
        "lines": [
          1,
          null,
          1,
          1,
          null,
          1,
          26,
          null,
          null,
          1,
          null,
          null,
          null,
          null,
          104,
          676,
          null,
          676,
          676,
          676,
          676,
          676,
          null,
          676,
          676,
          676,
          null,
          676,
          null,
          null,
          null
        ]
      },
      "/Users/frizz/turing/1module/projects/black_thursday/data/mockable.rb": {
        "lines": [
          1,
          null,
          1,
          1,
          null,
          1,
          1768,
          null,
          null,
          1,
          2964,
          null,
          null,
          1,
          468,
          null,
          null,
          1,
          130,
          2496,
          null,
          null,
          null,
          1,
          260,
          676,
          null,
          null,
          null,
          1,
          0,
          0,
          null,
          null,
          1,
          0,
          null,
          null,
          1,
          2496,
          1040,
          1040,
          null,
          1456,
          null,
          null,
          null,
          1,
          0,
          null,
          null,
          1,
          78,
          null,
          null
        ]
      },
      "/Users/frizz/turing/1module/projects/black_thursday/data/merchant_mocks.rb": {
        "lines": [
          1,
          null,
          1,
          1,
          null,
          1,
          26,
          null,
          null,
          1,
          null,
          null,
          null,
          26,
          260,
          null,
          260,
          260,
          null,
          260,
          260,
          260,
          null,
          260,
          null,
          null,
          null
        ]
      },
      "/Users/frizz/turing/1module/projects/black_thursday/data/invoice_mocks.rb": {
        "lines": [
          1,
          null,
          1,
          1,
          null,
          1,
          26,
          null,
          null,
          1,
          260,
          0,
          null,
          null,
          null,
          260,
          936,
          null,
          936,
          936,
          936,
          936,
          null,
          936,
          936,
          936,
          null,
          936,
          null,
          null,
          null,
          1,
          0,
          null,
          0,
          null,
          0,
          null,
          0,
          null,
          null,
          null
        ]
      },
      "/Users/frizz/turing/1module/projects/black_thursday/data/invoice_item_mocks.rb": {
        "lines": [
          1,
          null,
          1,
          1,
          null,
          1,
          26,
          null,
          null,
          1,
          0,
          null,
          null,
          null,
          null,
          null,
          26,
          104,
          null,
          104,
          104,
          104,
          104,
          104,
          null,
          104,
          104,
          104,
          null,
          104,
          null,
          null,
          null
        ]
      },
      "/Users/frizz/turing/1module/projects/black_thursday/data/transaction_mocks.rb": {
        "lines": [
          1,
          null,
          1,
          1,
          null,
          1,
          26,
          null,
          null,
          1,
          0,
          null,
          null,
          null,
          null,
          null,
          null,
          null,
          52,
          520,
          null,
          520,
          520,
          520,
          520,
          520,
          null,
          520,
          520,
          520,
          null,
          520,
          null,
          null,
          null,
          1,
          null,
          1,
          52,
          null,
          null,
          1,
          52,
          null,
          null,
          1,
          0,
          null,
          0,
          null,
          0,
          null,
          null,
          null
        ]
      },
      "/Users/frizz/turing/1module/projects/black_thursday/lib/sales_analyst.rb": {
        "lines": [
          1,
          null,
          1,
          1,
          null,
          null,
          null,
          null,
          null,
          null,
          1,
          26,
          26,
          26,
          26,
          26,
          26,
          null,
          null,
          1,
          5,
          50,
          1300,
          null,
          50,
          null,
          null,
          null,
          1,
          4,
          4,
          null,
          null,
          1,
          2,
          2,
          2,
          null,
          null,
          1,
          5,
          5,
          null,
          null,
          1,
          1,
          1,
          1,
          1,
          1,
          10,
          null,
          1,
          null,
          null,
          1,
          1,
          1,
          null,
          null,
          1,
          1,
          1,
          null,
          null,
          null,
          1,
          1,
          10,
          null,
          null,
          null,
          1,
          1,
          4,
          null,
          1,
          1,
          null,
          null,
          1,
          1,
          27,
          1,
          1,
          27,
          null,
          null,
          1,
          82,
          6,
          6,
          null,
          null,
          1,
          6,
          6,
          null,
          null,
          1,
          6,
          60,
          2160,
          null,
          60,
          null,
          null,
          null,
          1,
          3,
          3,
          3,
          null,
          null,
          1,
          1,
          1,
          1,
          10,
          null,
          1,
          null,
          null,
          1,
          1,
          1,
          1,
          10,
          null,
          1,
          null,
          null,
          1,
          2,
          2,
          72,
          null,
          null,
          0,
          0,
          null,
          null,
          null,
          null,
          1,
          2,
          72,
          null,
          2,
          72,
          null,
          null,
          null,
          1,
          0,
          null,
          null,
          1,
          0,
          null,
          null,
          1,
          0,
          0,
          0,
          0,
          0,
          null,
          null,
          1,
          0,
          0,
          0,
          0,
          0,
          null,
          0,
          null,
          null,
          1,
          0,
          0,
          null,
          0,
          null,
          null,
          1,
          2,
          null,
          null,
          1,
          2,
          2,
          null,
          0,
          null,
          null,
          null,
          1,
          null,
          1,
          36,
          null,
          1,
          1,
          null,
          null,
          null,
          1,
          32,
          300,
          300,
          null,
          null,
          null,
          1,
          2,
          0,
          null,
          null,
          null,
          1,
          11,
          11,
          1,
          null,
          null,
          1,
          3,
          30,
          82,
          null,
          null,
          null,
          null,
          1,
          1,
          1,
          1,
          null,
          1,
          4,
          4,
          null,
          2,
          1,
          1,
          1,
          null,
          2,
          null,
          null,
          1,
          59,
          null,
          null,
          1,
          61,
          null,
          null,
          1,
          79,
          null,
          null,
          1,
          0,
          null,
          null,
          1,
          1,
          null,
          null,
          1,
          0,
          null,
          null
        ]
      },
      "/Users/frizz/turing/1module/projects/black_thursday/lib/sales_engine.rb": {
        "lines": [
          1,
          1,
          1,
          1,
          1,
          1,
          1,
          1,
          1,
          1,
          1,
          1,
          1,
          1,
          1,
          null,
          1,
          1,
          null,
          1,
          0,
          0,
          0,
          0,
          0,
          0,
          null,
          null,
          1,
          0,
          null,
          null,
          1,
          0,
          null,
          null,
          1,
          0,
          null,
          null,
          1,
          0,
          null,
          null,
          1,
          0,
          null,
          null,
          1,
          0,
          null,
          null,
          1,
          0,
          null,
          null,
          1,
          0,
          null,
          null
        ]
      },
      "/Users/frizz/turing/1module/projects/black_thursday/lib/customer.rb": {
        "lines": [
          1,
          1,
          null,
          null,
          null,
          1,
          0,
          0,
          0,
          0,
          0,
          null,
          null,
          1,
          0,
          null,
          0,
          null,
          null,
          1,
          0,
          null,
          0,
          null,
          null,
          1,
          0,
          null,
          0,
          null,
          null,
          1,
          0,
          null,
          null,
          1,
          0,
          null,
          0,
          null,
          null,
          1,
          0,
          null,
          0,
          null,
          null
        ]
      },
      "/Users/frizz/turing/1module/projects/black_thursday/lib/customer_repository.rb": {
        "lines": [
          1,
          1,
          null,
          1,
          0,
          null,
          null,
          1,
          0,
          null,
          null,
          1,
          0,
          null,
          null,
          1,
          0,
          null,
          null,
          1,
          0,
          0,
          null,
          null,
          null,
          1,
          0,
          0,
          null,
          null,
          null,
          1,
          0,
          0,
          null,
          null,
          null,
          1,
          0,
          null,
          null,
          1,
          0,
          0,
          0,
          null,
          null,
          1,
          0,
          0,
          0,
          0,
          0,
          null,
          null,
          null,
          1,
          0,
          0,
          null,
          null
        ]
      },
      "/Users/frizz/turing/1module/projects/black_thursday/lib/file_io.rb": {
        "lines": [
          1,
          1,
          0,
          0,
          0,
          null,
          0,
          null,
          null
        ]
      },
      "/Users/frizz/turing/1module/projects/black_thursday/lib/invoice.rb": {
        "lines": [
          1,
          1,
          null,
          null,
          null,
          null,
          1,
          0,
          0,
          0,
          0,
          0,
          0,
          null,
          null,
          1,
          0,
          null,
          null,
          1,
          0,
          null,
          null,
          1,
          0,
          null,
          null,
          1,
          0,
          null,
          0,
          null,
          null,
          1,
          0,
          null,
          0,
          null,
          null
        ]
      },
      "/Users/frizz/turing/1module/projects/black_thursday/lib/invoice_repository.rb": {
        "lines": [
          1,
          1,
          null,
          1,
          0,
          null,
          null,
          1,
          26,
          null,
          null,
          1,
          0,
          null,
          null,
          1,
          79,
          null,
          null,
          1,
          0,
          null,
          null,
          1,
          0,
          null,
          null,
          1,
          11137,
          null,
          null,
          1,
          0,
          null,
          null,
          1,
          0,
          null,
          null,
          1,
          0,
          0,
          0,
          null,
          null,
          1,
          0,
          0,
          0,
          0,
          null,
          null,
          null,
          1,
          0,
          0,
          null,
          null
        ]
      },
      "/Users/frizz/turing/1module/projects/black_thursday/lib/invoice_item.rb": {
        "lines": [
          1,
          1,
          null,
          null,
          null,
          null,
          null,
          1,
          0,
          0,
          0,
          0,
          0,
          0,
          0,
          null,
          null,
          1,
          0,
          null,
          null,
          1,
          0,
          null,
          0,
          null,
          null,
          1,
          0,
          null,
          null,
          1,
          0,
          null,
          null,
          1,
          0,
          null,
          null,
          1,
          0,
          null,
          0,
          null,
          null,
          1,
          0,
          null,
          0,
          null,
          null,
          1,
          0,
          null,
          null
        ]
      },
      "/Users/frizz/turing/1module/projects/black_thursday/lib/invoice_item_repository.rb": {
        "lines": [
          1,
          1,
          null,
          1,
          0,
          null,
          null,
          1,
          26,
          null,
          null,
          1,
          0,
          null,
          null,
          1,
          1,
          null,
          null,
          1,
          0,
          0,
          null,
          null,
          null,
          1,
          0,
          0,
          null,
          null,
          null,
          1,
          2,
          8,
          null,
          null,
          null,
          1,
          0,
          0,
          0,
          null,
          null,
          1,
          0,
          null,
          null,
          1,
          0,
          0,
          null,
          0,
          0,
          0,
          null,
          null,
          null,
          1,
          0,
          0,
          0,
          0,
          0,
          null,
          null,
          null,
          1,
          0,
          null,
          0,
          0,
          null,
          null,
          1,
          1,
          4,
          null,
          null,
          null
        ]
      },
      "/Users/frizz/turing/1module/projects/black_thursday/lib/item.rb": {
        "lines": [
          1,
          null,
          1,
          1,
          null,
          null,
          null,
          null,
          null,
          1,
          0,
          0,
          0,
          0,
          0,
          0,
          0,
          null,
          null,
          1,
          0,
          null,
          null,
          1,
          0,
          null,
          null,
          1,
          0,
          null,
          null,
          1,
          0,
          null,
          null,
          1,
          0,
          null,
          null,
          1,
          0,
          null,
          null,
          1,
          0,
          null,
          0,
          null,
          null,
          1,
          0,
          null,
          0,
          null,
          null
        ]
      },
      "/Users/frizz/turing/1module/projects/black_thursday/lib/item_repository.rb": {
        "lines": [
          1,
          null,
          1,
          1,
          null,
          1,
          0,
          null,
          null,
          1,
          26,
          null,
          null,
          1,
          0,
          null,
          null,
          1,
          59,
          null,
          null,
          1,
          2,
          null,
          null,
          1,
          0,
          0,
          null,
          null,
          null,
          1,
          0,
          0,
          0,
          null,
          null,
          null,
          1,
          0,
          0,
          null,
          null,
          null,
          1,
          0,
          0,
          null,
          null,
          null,
          1,
          1,
          26,
          null,
          null,
          null,
          1,
          0,
          0,
          0,
          null,
          null,
          1,
          0,
          null,
          null,
          1,
          0,
          0,
          null,
          0,
          0,
          0,
          null,
          null,
          null,
          1,
          0,
          0,
          0,
          0,
          0,
          0,
          null,
          null,
          null,
          1,
          0,
          0,
          null,
          null
        ]
      },
      "/Users/frizz/turing/1module/projects/black_thursday/lib/merchant.rb": {
        "lines": [
          1,
          1,
          null,
          null,
          null,
          null,
          1,
          0,
          0,
          0,
          0,
          null,
          null,
          1,
          0,
          null,
          null
        ]
      },
      "/Users/frizz/turing/1module/projects/black_thursday/lib/merchant_repository.rb": {
        "lines": [
          1,
          1,
          null,
          1,
          0,
          null,
          null,
          1,
          26,
          null,
          null,
          1,
          0,
          null,
          null,
          1,
          63,
          null,
          null,
          1,
          0,
          0,
          null,
          null,
          null,
          1,
          0,
          0,
          null,
          null,
          null,
          1,
          0,
          0,
          null,
          null,
          null,
          1,
          0,
          0,
          null,
          0,
          null,
          null,
          1,
          0,
          0,
          null,
          null,
          1,
          0,
          0,
          null,
          null,
          1,
          0,
          0,
          null,
          null,
          null,
          null
        ]
      },
      "/Users/frizz/turing/1module/projects/black_thursday/lib/transaction.rb": {
        "lines": [
          1,
          1,
          null,
          null,
          null,
          null,
          null,
          1,
          0,
          0,
          0,
          0,
          0,
          0,
          0,
          null,
          null,
          1,
          0,
          null,
          null,
          1,
          0,
          null,
          null,
          1,
          0,
          0,
          null,
          null,
          null,
          1,
          0,
          null,
          null,
          1,
          0,
          null,
          null,
          1,
          0,
          null,
          null,
          1,
          0,
          null,
          0,
          null,
          null,
          1,
          0,
          null,
          0,
          null,
          null
        ]
      },
      "/Users/frizz/turing/1module/projects/black_thursday/lib/transaction_repository.rb": {
        "lines": [
          1,
          null,
          1,
          1,
          null,
          1,
          0,
          null,
          null,
          1,
          26,
          null,
          null,
          1,
          0,
          null,
          null,
          1,
          0,
          null,
          null,
          1,
          0,
          null,
          null,
          1,
          0,
          0,
          null,
          null,
          null,
          1,
          0,
          0,
          null,
          null,
          null,
          1,
          0,
          0,
          null,
          null,
          null,
          1,
          0,
          null,
          null,
          1,
          0,
          0,
          0,
          null,
          null,
          1,
          0,
          0,
          0,
          0,
          0,
          0,
          null,
          null,
          null,
          1,
          0,
          0,
          null,
          null,
          1,
          0,
          0,
          null,
          null,
          null
        ]
      },
      "/Users/frizz/turing/1module/projects/black_thursday/spec/sales_analyst_mocks.rb": {
        "lines": [
          1,
          null,
          1,
          1,
          1,
          1,
          1,
          1,
          1,
          null,
          1,
          1,
          1,
          null,
          null,
          1,
          26,
          null,
          26,
          null,
          null,
          26,
          26,
          26,
          null,
          52,
          78,
          104,
          104,
          104,
          104,
          104,
          104,
          104,
          338,
          null,
          26,
          26,
          null,
          26,
          null,
          null,
          26,
          260,
          6760,
          null,
          260,
          260,
          null,
          null,
          26,
          26,
          26,
          26,
          null,
          26,
          26,
          26,
          26,
          26,
          null,
          26,
          26,
          26,
          26,
          26,
          null,
          26,
          null,
          26,
          26,
          26,
          26,
          26,
          26,
          26,
          26,
          26,
          26,
          null,
          26,
          null,
          null
        ]
      },
      "/Users/frizz/turing/1module/projects/black_thursday/spec/sales_engine_mocks.rb": {
        "lines": [
          1,
          1,
          1,
          1,
          null,
          1,
          1,
          1,
          1,
          1,
          1,
          1,
          null,
          1,
          1,
          0,
          0,
          null,
          0,
          0,
          null,
          0,
          0,
          null,
          0,
          0,
          null,
          0,
          0,
          null,
          0,
          0,
          null,
          0,
          null,
          0,
          null,
          null
        ]
      }
    },
    "timestamp": 1618971674
  }
}
